# JRE version: Java(TM) SE Runtime Environment (11.0+28) (build 11+28)
# Java VM: Java HotSpot(TM) 64-Bit Server VM (11+28, mixed mode, tiered, compressed oops, g1 gc, windows-amd64)
Heap:
 garbage-first heap   total 262144K, used 102836K [0x00000000e0000000, 0x0000000100000000)
  region size 1024K, 35 young (35840K), 10 survivors (10240K)
 Metaspace       used 72873K, capacity 75494K, committed 75648K, reserved 319488K
  class space    used 9362K, capacity 10312K, committed 10368K, reserved 253952K
GC Heap History (10 events):
Event: 30.619 GC heap before
{Heap before GC invocations=7 (full 0):
 garbage-first heap   total 262144K, used 131930K [0x00000000e0000000, 0x0000000100000000)
  region size 1024K, 111 young (113664K), 13 survivors (13312K)
 Metaspace       used 54190K, capacity 55418K, committed 55552K, reserved 303104K
  class space    used 6840K, capacity 7310K, committed 7424K, reserved 253952K
}
Event: 30.703 GC heap after
{Heap after GC invocations=8 (full 0):
 garbage-first heap   total 262144K, used 40063K [0x00000000e0000000, 0x0000000100000000)
  region size 1024K, 14 young (14336K), 14 survivors (14336K)
 Metaspace       used 54190K, capacity 55418K, committed 55552K, reserved 303104K
  class space    used 6840K, capacity 7310K, committed 7424K, reserved 253952K
}
Event: 31.881 GC heap before
{Heap before GC invocations=8 (full 0):
 garbage-first heap   total 262144K, used 71807K [0x00000000e0000000, 0x0000000100000000)
  region size 1024K, 46 young (47104K), 14 survivors (14336K)
 Metaspace       used 58726K, capacity 60144K, committed 60160K, reserved 307200K
  class space    used 7474K, capacity 8060K, committed 8064K, reserved 253952K
}
Event: 31.951 GC heap after
{Heap after GC invocations=9 (full 0):
 garbage-first heap   total 262144K, used 42264K [0x00000000e0000000, 0x0000000100000000)
  region size 1024K, 2 young (2048K), 2 survivors (2048K)
 Metaspace       used 58726K, capacity 60144K, committed 60160K, reserved 307200K
  class space    used 7474K, capacity 8060K, committed 8064K, reserved 253952K
}
Event: 43.514 GC heap before
{Heap before GC invocations=10 (full 0):
 garbage-first heap   total 262144K, used 124184K [0x00000000e0000000, 0x0000000100000000)
  region size 1024K, 82 young (83968K), 2 survivors (2048K)
 Metaspace       used 63768K, capacity 65421K, committed 65536K, reserved 311296K
  class space    used 8254K, capacity 8895K, committed 8960K, reserved 253952K
}
Event: 43.601 GC heap after
{Heap after GC invocations=11 (full 0):
 garbage-first heap   total 262144K, used 49356K [0x00000000e0000000, 0x0000000100000000)
  region size 1024K, 9 young (9216K), 9 survivors (9216K)
 Metaspace       used 63768K, capacity 65421K, committed 65536K, reserved 311296K
  class space    used 8254K, capacity 8895K, committed 8960K, reserved 253952K
}
Event: 47.809 GC heap before
{Heap before GC invocations=12 (full 0):
 garbage-first heap   total 262144K, used 135372K [0x00000000e0000000, 0x0000000100000000)
  region size 1024K, 90 young (92160K), 9 survivors (9216K)
 Metaspace       used 68310K, capacity 70849K, committed 70912K, reserved 315392K
  class space    used 8809K, capacity 9703K, committed 9728K, reserved 253952K
}
Event: 47.896 GC heap after
{Heap after GC invocations=13 (full 0):
 garbage-first heap   total 262144K, used 66691K [0x00000000e0000000, 0x0000000100000000)
  region size 1024K, 12 young (12288K), 12 survivors (12288K)
 Metaspace       used 68310K, capacity 70849K, committed 70912K, reserved 315392K
  class space    used 8809K, capacity 9703K, committed 9728K, reserved 253952K
}
Event: 50.523 GC heap before
{Heap before GC invocations=13 (full 0):
 garbage-first heap   total 262144K, used 150659K [0x00000000e0000000, 0x0000000100000000)
  region size 1024K, 94 young (96256K), 12 survivors (12288K)
 Metaspace       used 72495K, capacity 75069K, committed 75264K, reserved 319488K
  class space    used 9311K, capacity 10239K, committed 10240K, reserved 253952K
}
Event: 50.576 GC heap after
{Heap after GC invocations=14 (full 0):
 garbage-first heap   total 262144K, used 78260K [0x00000000e0000000, 0x0000000100000000)
  region size 1024K, 10 young (10240K), 10 survivors (10240K)
 Metaspace       used 72495K, capacity 75069K, committed 75264K, reserved 319488K
  class space    used 9311K, capacity 10239K, committed 10240K, reserved 253952K
}

