# JRE version: Java(TM) SE Runtime Environment (11.0+28) (build 11+28)
# Java VM: Java HotSpot(TM) 64-Bit Server VM (11+28, mixed mode, tiered, compressed oops, g1 gc, windows-amd64)
Heap:
 garbage-first heap   total 408576K, used 218990K [0x00000000e0000000, 0x0000000100000000)
  region size 1024K, 37 young (37888K), 2 survivors (2048K)
 Metaspace       used 128684K, capacity 133117K, committed 133452K, reserved 370688K
  class space    used 14929K, capacity 16449K, committed 16716K, reserved 253952K
GC Heap History (10 events):
Event: 11657.060 GC heap before
{Heap before GC invocations=378 (full 0):
 garbage-first heap   total 408576K, used 305423K [0x00000000e0000000, 0x0000000100000000)
  region size 1024K, 153 young (156672K), 5 survivors (5120K)
 Metaspace       used 128602K, capacity 133010K, committed 133452K, reserved 370688K
  class space    used 14921K, capacity 16441K, committed 16716K, reserved 253952K
}
Event: 11657.080 GC heap after
{Heap after GC invocations=379 (full 0):
 garbage-first heap   total 408576K, used 160732K [0x00000000e0000000, 0x0000000100000000)
  region size 1024K, 11 young (11264K), 11 survivors (11264K)
 Metaspace       used 128602K, capacity 133010K, committed 133452K, reserved 370688K
  class space    used 14921K, capacity 16441K, committed 16716K, reserved 253952K
}
Event: 11657.129 GC heap before
{Heap before GC invocations=379 (full 0):
 garbage-first heap   total 408576K, used 168924K [0x00000000e0000000, 0x0000000100000000)
  region size 1024K, 20 young (20480K), 11 survivors (11264K)
 Metaspace       used 128607K, capacity 133074K, committed 133452K, reserved 370688K
  class space    used 14921K, capacity 16441K, committed 16716K, reserved 253952K
}
Event: 11657.154 GC heap after
{Heap after GC invocations=380 (full 0):
 garbage-first heap   total 408576K, used 149055K [0x00000000e0000000, 0x0000000100000000)
  region size 1024K, 2 young (2048K), 2 survivors (2048K)
 Metaspace       used 128607K, capacity 133074K, committed 133452K, reserved 370688K
  class space    used 14921K, capacity 16441K, committed 16716K, reserved 253952K
}
Event: 11657.785 GC heap before
{Heap before GC invocations=380 (full 0):
 garbage-first heap   total 408576K, used 309823K [0x00000000e0000000, 0x0000000100000000)
  region size 1024K, 159 young (162816K), 2 survivors (2048K)
 Metaspace       used 128612K, capacity 133074K, committed 133452K, reserved 370688K
  class space    used 14921K, capacity 16441K, committed 16716K, reserved 253952K
}
Event: 11657.799 GC heap after
{Heap after GC invocations=381 (full 0):
 garbage-first heap   total 408576K, used 151860K [0x00000000e0000000, 0x0000000100000000)
  region size 1024K, 5 young (5120K), 5 survivors (5120K)
 Metaspace       used 128612K, capacity 133074K, committed 133452K, reserved 370688K
  class space    used 14921K, capacity 16441K, committed 16716K, reserved 253952K
}
Event: 11660.583 GC heap before
{Heap before GC invocations=382 (full 0):
 garbage-first heap   total 408576K, used 335156K [0x00000000e0000000, 0x0000000100000000)
  region size 1024K, 167 young (171008K), 5 survivors (5120K)
 Metaspace       used 128682K, capacity 133117K, committed 133452K, reserved 370688K
  class space    used 14929K, capacity 16449K, committed 16716K, reserved 253952K
}
Event: 11660.652 GC heap after
{Heap after GC invocations=383 (full 0):
 garbage-first heap   total 408576K, used 190388K [0x00000000e0000000, 0x0000000100000000)
  region size 1024K, 21 young (21504K), 21 survivors (21504K)
 Metaspace       used 128682K, capacity 133117K, committed 133452K, reserved 370688K
  class space    used 14929K, capacity 16449K, committed 16716K, reserved 253952K
}
Event: 11660.659 GC heap before
{Heap before GC invocations=383 (full 0):
 garbage-first heap   total 408576K, used 191412K [0x00000000e0000000, 0x0000000100000000)
  region size 1024K, 22 young (22528K), 21 survivors (21504K)
 Metaspace       used 128682K, capacity 133117K, committed 133452K, reserved 370688K
  class space    used 14929K, capacity 16449K, committed 16716K, reserved 253952K
}
Event: 11660.723 GC heap after
{Heap after GC invocations=384 (full 0):
 garbage-first heap   total 408576K, used 184174K [0x00000000e0000000, 0x0000000100000000)
  region size 1024K, 2 young (2048K), 2 survivors (2048K)
 Metaspace       used 128682K, capacity 133117K, committed 133452K, reserved 370688K
  class space    used 14929K, capacity 16449K, committed 16716K, reserved 253952K
}

