# JRE version: Java(TM) SE Runtime Environment (11.0+28) (build 11+28)
# Java VM: Java HotSpot(TM) 64-Bit Server VM (11+28, mixed mode, tiered, compressed oops, g1 gc, windows-amd64)
Heap:
 garbage-first heap   total 262144K, used 161783K [0x00000000e0000000, 0x0000000100000000)
  region size 1024K, 110 young (112640K), 20 survivors (20480K)
 Metaspace       used 73512K, capacity 76165K, committed 76236K, reserved 321536K
  class space    used 9446K, capacity 10388K, committed 10444K, reserved 253952K
GC Heap History (10 events):
Event: 10.733 GC heap before
{Heap before GC invocations=6 (full 0):
 garbage-first heap   total 262144K, used 73904K [0x00000000e0000000, 0x0000000100000000)
  region size 1024K, 58 young (59392K), 4 survivors (4096K)
 Metaspace       used 31556K, capacity 32154K, committed 32384K, reserved 282624K
  class space    used 3890K, capacity 4103K, committed 4224K, reserved 253952K
}
Event: 10.748 GC heap after
{Heap after GC invocations=7 (full 0):
 garbage-first heap   total 262144K, used 20369K [0x00000000e0000000, 0x0000000100000000)
  region size 1024K, 8 young (8192K), 8 survivors (8192K)
 Metaspace       used 31556K, capacity 32154K, committed 32384K, reserved 282624K
  class space    used 3890K, capacity 4103K, committed 4224K, reserved 253952K
}
Event: 16.568 GC heap before
{Heap before GC invocations=7 (full 0):
 garbage-first heap   total 262144K, used 62353K [0x00000000e0000000, 0x0000000100000000)
  region size 1024K, 50 young (51200K), 8 survivors (8192K)
 Metaspace       used 35144K, capacity 35765K, committed 35840K, reserved 286720K
  class space    used 4464K, capacity 4711K, committed 4736K, reserved 253952K
}
Event: 16.589 GC heap after
{Heap after GC invocations=8 (full 0):
 garbage-first heap   total 262144K, used 23596K [0x00000000e0000000, 0x0000000100000000)
  region size 1024K, 11 young (11264K), 11 survivors (11264K)
 Metaspace       used 35144K, capacity 35765K, committed 35840K, reserved 286720K
  class space    used 4464K, capacity 4711K, committed 4736K, reserved 253952K
}
Event: 20.214 GC heap before
{Heap before GC invocations=9 (full 0):
 garbage-first heap   total 262144K, used 165932K [0x00000000e0000000, 0x0000000100000000)
  region size 1024K, 149 young (152576K), 11 survivors (11264K)
 Metaspace       used 49450K, capacity 50576K, committed 50764K, reserved 299008K
  class space    used 6262K, capacity 6685K, committed 6732K, reserved 253952K
}
Event: 20.253 GC heap after
{Heap after GC invocations=10 (full 0):
 garbage-first heap   total 262144K, used 35913K [0x00000000e0000000, 0x0000000100000000)
  region size 1024K, 18 young (18432K), 18 survivors (18432K)
 Metaspace       used 49450K, capacity 50576K, committed 50764K, reserved 299008K
  class space    used 6262K, capacity 6685K, committed 6732K, reserved 253952K
}
Event: 23.653 GC heap before
{Heap before GC invocations=11 (full 0):
 garbage-first heap   total 262144K, used 174153K [0x00000000e0000000, 0x0000000100000000)
  region size 1024K, 153 young (156672K), 18 survivors (18432K)
 Metaspace       used 62510K, capacity 64103K, committed 64332K, reserved 311296K
  class space    used 8049K, capacity 8649K, committed 8780K, reserved 253952K
}
Event: 23.702 GC heap after
{Heap after GC invocations=12 (full 0):
 garbage-first heap   total 262144K, used 46646K [0x00000000e0000000, 0x0000000100000000)
  region size 1024K, 20 young (20480K), 20 survivors (20480K)
 Metaspace       used 62510K, capacity 64103K, committed 64332K, reserved 311296K
  class space    used 8049K, capacity 8649K, committed 8780K, reserved 253952K
}
Event: 40.223 GC heap before
{Heap before GC invocations=12 (full 0):
 garbage-first heap   total 262144K, used 184886K [0x00000000e0000000, 0x0000000100000000)
  region size 1024K, 153 young (156672K), 20 survivors (20480K)
 Metaspace       used 70487K, capacity 72912K, committed 73036K, reserved 317440K
  class space    used 9115K, capacity 9991K, committed 10060K, reserved 253952K
}
Event: 40.320 GC heap after
{Heap after GC invocations=13 (full 0):
 garbage-first heap   total 262144K, used 70647K [0x00000000e0000000, 0x0000000100000000)
  region size 1024K, 20 young (20480K), 20 survivors (20480K)
 Metaspace       used 70487K, capacity 72912K, committed 73036K, reserved 317440K
  class space    used 9115K, capacity 9991K, committed 10060K, reserved 253952K
}

